Program Version,EnergyPlus, Linux, VERSION 7.1.0.012, YMD=2013.06.26 19:04,IDD_Version 7.1.0.012
   ** Warning ** Output:PreprocessorMessage="ExpandObjects" has the following Warning condition:
   **   ~~~   ** Cannot find Energy+.idd as specified in Energy+.ini.
   ** Warning ** Output:PreprocessorMessage="ExpandObjects" has the following Warning conditions:
   **   ~~~   ** Since the Energy+.IDD file cannot be read no range or choice checking was
   **   ~~~   ** performed.
   ************* Beginning Zone Sizing Calculations
   ************* Testing Individual Branch Integrity
   ************* All Branches passed integrity testing
   ************* Testing Individual Supply Air Path Integrity
   ************* All Supply Air Paths passed integrity testing
   ************* Testing Individual Return Air Path Integrity
   ************* All Return Air Paths passed integrity testing
   ************* No node connection errors were found.
   ************* Beginning Simulation
   ************* Simulation Error Summary *************
   ************* There are 1 unused schedules in input.
   ************* Use Output:Diagnostics,DisplayUnusedSchedules; to see them.
   ************* EnergyPlus Warmup Error Summary. During Warmup: 0 Warning; 0 Severe Errors.
   ************* EnergyPlus Sizing Error Summary. During Sizing: 0 Warning; 0 Severe Errors.
   ************* EnergyPlus Completed Successfully-- 2 Warning; 0 Severe Errors; Elapsed Time=00hr 00min  6.57sec
